[2025-05-27 17:19:17Z INFO HostContext] No proxy settings were found based on environmental variables (http_proxy/https_proxy/HTTP_PROXY/HTTPS_PROXY)
[2025-05-27 17:19:17Z INFO HostContext] Well known directory 'Bin': 'C:\Users\Magdalena\Desktop\Desktop\master\AC\Project\cloud-app\actions-runner\bin'
[2025-05-27 17:19:17Z INFO HostContext] Well known directory 'Root': 'C:\Users\Magdalena\Desktop\Desktop\master\AC\Project\cloud-app\actions-runner'
[2025-05-27 17:19:17Z INFO HostContext] Well known config file 'Credentials': 'C:\Users\Magdalena\Desktop\Desktop\master\AC\Project\cloud-app\actions-runner\.credentials'
[2025-05-27 17:19:17Z INFO HostContext] Well known directory 'Bin': 'C:\Users\Magdalena\Desktop\Desktop\master\AC\Project\cloud-app\actions-runner\bin'
[2025-05-27 17:19:17Z INFO HostContext] Well known directory 'Root': 'C:\Users\Magdalena\Desktop\Desktop\master\AC\Project\cloud-app\actions-runner'
[2025-05-27 17:19:17Z INFO HostContext] Well known config file 'Runner': 'C:\Users\Magdalena\Desktop\Desktop\master\AC\Project\cloud-app\actions-runner\.runner'
[2025-05-27 17:19:17Z INFO Listener] Runner is built for Windows (X64) - win-x64.
[2025-05-27 17:19:17Z INFO Listener] RuntimeInformation: Microsoft Windows 10.0.22631.
[2025-05-27 17:19:17Z INFO Listener] Version: 2.324.0
[2025-05-27 17:19:17Z INFO Listener] Commit: da3412efd49b1cf1a0fbdcbcee4e4ac4cc2177c8
[2025-05-27 17:19:17Z INFO Listener] Culture: en-US
[2025-05-27 17:19:17Z INFO Listener] UI Culture: en-US
[2025-05-27 17:19:17Z INFO HostContext] Well known directory 'Bin': 'C:\Users\Magdalena\Desktop\Desktop\master\AC\Project\cloud-app\actions-runner\bin'
[2025-05-27 17:19:17Z INFO HostContext] Well known directory 'Root': 'C:\Users\Magdalena\Desktop\Desktop\master\AC\Project\cloud-app\actions-runner'
[2025-05-27 17:19:17Z INFO Listener] Validating directory permissions for: 'C:\Users\Magdalena\Desktop\Desktop\master\AC\Project\cloud-app\actions-runner'
[2025-05-27 17:19:17Z INFO CommandLineParser] Parse
[2025-05-27 17:19:17Z INFO CommandLineParser] Parsing 1 args
[2025-05-27 17:19:17Z INFO CommandLineParser] parsing argument
[2025-05-27 17:19:17Z INFO CommandLineParser] HasArgs: False
[2025-05-27 17:19:17Z INFO CommandLineParser] Adding Command: run
[2025-05-27 17:19:17Z INFO Listener] Arguments parsed
[2025-05-27 17:19:17Z INFO Runner] ExecuteCommand
[2025-05-27 17:19:17Z INFO ConfigurationStore] currentAssemblyLocation: C:\Users\Magdalena\Desktop\Desktop\master\AC\Project\cloud-app\actions-runner\bin\Runner.Listener.dll
[2025-05-27 17:19:17Z INFO HostContext] Well known directory 'Bin': 'C:\Users\Magdalena\Desktop\Desktop\master\AC\Project\cloud-app\actions-runner\bin'
[2025-05-27 17:19:17Z INFO ConfigurationStore] binPath: C:\Users\Magdalena\Desktop\Desktop\master\AC\Project\cloud-app\actions-runner\bin
[2025-05-27 17:19:17Z INFO HostContext] Well known directory 'Bin': 'C:\Users\Magdalena\Desktop\Desktop\master\AC\Project\cloud-app\actions-runner\bin'
[2025-05-27 17:19:17Z INFO HostContext] Well known directory 'Root': 'C:\Users\Magdalena\Desktop\Desktop\master\AC\Project\cloud-app\actions-runner'
[2025-05-27 17:19:17Z INFO ConfigurationStore] RootFolder: C:\Users\Magdalena\Desktop\Desktop\master\AC\Project\cloud-app\actions-runner
[2025-05-27 17:19:17Z INFO HostContext] Well known directory 'Bin': 'C:\Users\Magdalena\Desktop\Desktop\master\AC\Project\cloud-app\actions-runner\bin'
[2025-05-27 17:19:17Z INFO HostContext] Well known directory 'Root': 'C:\Users\Magdalena\Desktop\Desktop\master\AC\Project\cloud-app\actions-runner'
[2025-05-27 17:19:17Z INFO HostContext] Well known config file 'Runner': 'C:\Users\Magdalena\Desktop\Desktop\master\AC\Project\cloud-app\actions-runner\.runner'
[2025-05-27 17:19:17Z INFO ConfigurationStore] ConfigFilePath: C:\Users\Magdalena\Desktop\Desktop\master\AC\Project\cloud-app\actions-runner\.runner
[2025-05-27 17:19:17Z INFO HostContext] Well known directory 'Bin': 'C:\Users\Magdalena\Desktop\Desktop\master\AC\Project\cloud-app\actions-runner\bin'
[2025-05-27 17:19:17Z INFO HostContext] Well known directory 'Root': 'C:\Users\Magdalena\Desktop\Desktop\master\AC\Project\cloud-app\actions-runner'
[2025-05-27 17:19:17Z INFO HostContext] Well known config file 'MigratedRunner': 'C:\Users\Magdalena\Desktop\Desktop\master\AC\Project\cloud-app\actions-runner\.runner_migrated'
[2025-05-27 17:19:17Z INFO ConfigurationStore] MigratedConfigFilePath: C:\Users\Magdalena\Desktop\Desktop\master\AC\Project\cloud-app\actions-runner\.runner_migrated
[2025-05-27 17:19:17Z INFO HostContext] Well known directory 'Bin': 'C:\Users\Magdalena\Desktop\Desktop\master\AC\Project\cloud-app\actions-runner\bin'
[2025-05-27 17:19:17Z INFO HostContext] Well known directory 'Root': 'C:\Users\Magdalena\Desktop\Desktop\master\AC\Project\cloud-app\actions-runner'
[2025-05-27 17:19:17Z INFO HostContext] Well known config file 'Credentials': 'C:\Users\Magdalena\Desktop\Desktop\master\AC\Project\cloud-app\actions-runner\.credentials'
[2025-05-27 17:19:17Z INFO ConfigurationStore] CredFilePath: C:\Users\Magdalena\Desktop\Desktop\master\AC\Project\cloud-app\actions-runner\.credentials
[2025-05-27 17:19:17Z INFO HostContext] Well known directory 'Bin': 'C:\Users\Magdalena\Desktop\Desktop\master\AC\Project\cloud-app\actions-runner\bin'
[2025-05-27 17:19:17Z INFO HostContext] Well known directory 'Root': 'C:\Users\Magdalena\Desktop\Desktop\master\AC\Project\cloud-app\actions-runner'
[2025-05-27 17:19:17Z INFO HostContext] Well known config file 'MigratedCredentials': 'C:\Users\Magdalena\Desktop\Desktop\master\AC\Project\cloud-app\actions-runner\.credentials_migrated'
[2025-05-27 17:19:17Z INFO ConfigurationStore] MigratedCredFilePath: C:\Users\Magdalena\Desktop\Desktop\master\AC\Project\cloud-app\actions-runner\.credentials_migrated
[2025-05-27 17:19:17Z INFO HostContext] Well known directory 'Bin': 'C:\Users\Magdalena\Desktop\Desktop\master\AC\Project\cloud-app\actions-runner\bin'
[2025-05-27 17:19:17Z INFO HostContext] Well known directory 'Root': 'C:\Users\Magdalena\Desktop\Desktop\master\AC\Project\cloud-app\actions-runner'
[2025-05-27 17:19:17Z INFO HostContext] Well known config file 'Service': 'C:\Users\Magdalena\Desktop\Desktop\master\AC\Project\cloud-app\actions-runner\.service'
[2025-05-27 17:19:17Z INFO ConfigurationStore] ServiceConfigFilePath: C:\Users\Magdalena\Desktop\Desktop\master\AC\Project\cloud-app\actions-runner\.service
[2025-05-27 17:19:17Z INFO CommandSettings] Flag 'help': 'False'
[2025-05-27 17:19:17Z INFO CommandSettings] Flag 'version': 'False'
[2025-05-27 17:19:17Z INFO CommandSettings] Flag 'commit': 'False'
[2025-05-27 17:19:17Z INFO CommandSettings] Flag 'check': 'False'
[2025-05-27 17:19:17Z INFO CommandSettings] Command 'configure': 'False'
[2025-05-27 17:19:17Z INFO CommandSettings] Command 'remove': 'False'
[2025-05-27 17:19:17Z INFO CommandSettings] Command 'warmup': 'False'
[2025-05-27 17:19:17Z INFO ConfigurationManager] LoadSettings
[2025-05-27 17:19:17Z INFO ConfigurationStore] IsConfigured()
[2025-05-27 17:19:17Z INFO ConfigurationStore] IsConfigured: True
[2025-05-27 17:19:17Z INFO ConfigurationManager] Is configured: True
[2025-05-27 17:19:17Z INFO ConfigurationStore] Read setting file: 314 chars
[2025-05-27 17:19:17Z INFO ConfigurationManager] Settings Loaded
[2025-05-27 17:19:17Z INFO ConfigurationStore] IsServiceConfigured()
[2025-05-27 17:19:17Z INFO ConfigurationStore] IsServiceConfigured: False
[2025-05-27 17:19:17Z INFO CommandSettings] Command 'run': 'True'
[2025-05-27 17:19:17Z INFO ConfigurationStore] IsConfigured()
[2025-05-27 17:19:17Z INFO ConfigurationStore] IsConfigured: True
[2025-05-27 17:19:17Z INFO ConfigurationManager] Is configured: True
[2025-05-27 17:19:17Z INFO Runner] Could not parse the argument value '' for StartupType. Defaulting to Manual
[2025-05-27 17:19:17Z INFO Runner] Set runner startup type - Manual
[2025-05-27 17:19:17Z INFO CommandSettings] Flag 'once': 'False'
[2025-05-27 17:19:17Z INFO CommandSettings] Flag 'once': 'False'
[2025-05-27 17:19:17Z INFO Runner] RunAsync
[2025-05-27 17:19:17Z INFO ConfigurationManager] LoadMigratedSettings
[2025-05-27 17:19:17Z INFO ConfigurationStore] IsMigratedConfigured()
[2025-05-27 17:19:17Z INFO ConfigurationStore] IsMigratedConfigured: False
[2025-05-27 17:19:17Z INFO Runner] Failed to load migrated settings: No migrated configuration found.
[2025-05-27 17:19:17Z INFO Runner] Falling back to original .runner settings
[2025-05-27 17:19:17Z INFO ConfigurationManager] LoadSettings
[2025-05-27 17:19:17Z INFO ConfigurationStore] IsConfigured()
[2025-05-27 17:19:17Z INFO ConfigurationStore] IsConfigured: True
[2025-05-27 17:19:17Z INFO ConfigurationManager] Is configured: True
[2025-05-27 17:19:17Z INFO ConfigurationManager] Settings Loaded
[2025-05-27 17:19:17Z INFO MessageListener] {
  "AgentId": 2,
  "AgentName": "DESKTOP-0FPGHU9",
  "PoolId": 1,
  "PoolName": "Default",
  "ServerUrl": "https://pipelinesghubeus2.actions.githubusercontent.com/g2K4v2GYC6Xd66mKzyTLKe6Nicv3qC1kGcxRJ92pSzzMBoZmlq/",
  "GitHubUrl": "https://github.com/girl-in-tech/cloud-app-ac",
  "WorkFolder": "_work"
}
[2025-05-27 17:19:17Z INFO MessageListener] Loading Credentials
[2025-05-27 17:19:17Z INFO ConfigurationStore] HasCredentials()
[2025-05-27 17:19:17Z INFO ConfigurationStore] stored True
[2025-05-27 17:19:17Z INFO CredentialManager] GetCredentialProvider
[2025-05-27 17:19:17Z INFO CredentialManager] Creating type OAuth
[2025-05-27 17:19:17Z INFO CredentialManager] Creating credential type: OAuth
[2025-05-27 17:19:17Z INFO HostContext] Well known directory 'Bin': 'C:\Users\Magdalena\Desktop\Desktop\master\AC\Project\cloud-app\actions-runner\bin'
[2025-05-27 17:19:17Z INFO HostContext] Well known directory 'Root': 'C:\Users\Magdalena\Desktop\Desktop\master\AC\Project\cloud-app\actions-runner'
[2025-05-27 17:19:17Z INFO HostContext] Well known config file 'RSACredentials': 'C:\Users\Magdalena\Desktop\Desktop\master\AC\Project\cloud-app\actions-runner\.credentials_rsaparams'
[2025-05-27 17:19:17Z INFO RSAEncryptedFileKeyManager] Loading RSA key parameters from file C:\Users\Magdalena\Desktop\Desktop\master\AC\Project\cloud-app\actions-runner\.credentials_rsaparams
[2025-05-27 17:19:17Z INFO MessageListener] Attempt to create session.
[2025-05-27 17:19:17Z INFO MessageListener] Connecting to the Runner Server...
[2025-05-27 17:19:17Z INFO RunnerServer] EstablishVssConnection
[2025-05-27 17:19:17Z INFO RunnerServer] Establish connection with 100 seconds timeout.
[2025-05-27 17:19:17Z INFO GitHubActionsService] Starting operation Location.GetConnectionData
[2025-05-27 17:19:17Z INFO RunnerServer] EstablishVssConnection
[2025-05-27 17:19:17Z INFO RunnerServer] Establish connection with 60 seconds timeout.
[2025-05-27 17:19:17Z INFO GitHubActionsService] Starting operation Location.GetConnectionData
[2025-05-27 17:19:17Z INFO RunnerServer] EstablishVssConnection
[2025-05-27 17:19:17Z INFO RunnerServer] Establish connection with 60 seconds timeout.
[2025-05-27 17:19:17Z INFO GitHubActionsService] Starting operation Location.GetConnectionData
[2025-05-27 17:19:18Z INFO GitHubActionsService] Finished operation Location.GetConnectionData
[2025-05-27 17:19:18Z INFO GitHubActionsService] Finished operation Location.GetConnectionData
[2025-05-27 17:19:18Z INFO GitHubActionsService] Finished operation Location.GetConnectionData
[2025-05-27 17:19:18Z INFO MessageListener] VssConnection created
[2025-05-27 17:19:18Z INFO Terminal] WRITE LINE: 
[2025-05-27 17:19:18Z INFO Terminal] WRITE LINE: 
[2025-05-27 17:19:19Z INFO RSAEncryptedFileKeyManager] Loading RSA key parameters from file C:\Users\Magdalena\Desktop\Desktop\master\AC\Project\cloud-app\actions-runner\.credentials_rsaparams
[2025-05-27 17:19:19Z INFO RSAEncryptedFileKeyManager] Loading RSA key parameters from file C:\Users\Magdalena\Desktop\Desktop\master\AC\Project\cloud-app\actions-runner\.credentials_rsaparams
[2025-05-27 17:19:20Z INFO GitHubActionsService] AAD Correlation ID for this token request: Unknown
[2025-05-27 17:19:20Z INFO MessageListener] Session created.
[2025-05-27 17:19:20Z INFO MessageListener] Registering AuthMigrationChanged event handler.
[2025-05-27 17:19:20Z INFO Terminal] WRITE LINE: Current runner version: '2.324.0'
[2025-05-27 17:19:20Z INFO Terminal] WRITE LINE: 2025-05-27 17:19:20Z: Listening for Jobs
[2025-05-27 17:19:20Z INFO JobDispatcher] Set runner/worker IPC timeout to 30 seconds.
[2025-05-27 17:19:20Z INFO ConfigurationStore] HasCredentials()
[2025-05-27 17:19:20Z INFO ConfigurationStore] stored True
[2025-05-27 17:19:20Z INFO CredentialManager] GetCredentialProvider
[2025-05-27 17:19:20Z INFO CredentialManager] Creating type OAuth
[2025-05-27 17:19:20Z INFO CredentialManager] Creating credential type: OAuth
[2025-05-27 17:19:20Z INFO RSAEncryptedFileKeyManager] Loading RSA key parameters from file C:\Users\Magdalena\Desktop\Desktop\master\AC\Project\cloud-app\actions-runner\.credentials_rsaparams
[2025-05-27 17:19:20Z INFO RSAEncryptedFileKeyManager] Loading RSA key parameters from file C:\Users\Magdalena\Desktop\Desktop\master\AC\Project\cloud-app\actions-runner\.credentials_rsaparams
[2025-05-27 17:19:20Z INFO RSAEncryptedFileKeyManager] Loading RSA key parameters from file C:\Users\Magdalena\Desktop\Desktop\master\AC\Project\cloud-app\actions-runner\.credentials_rsaparams
[2025-05-27 17:19:21Z INFO GitHubActionsService] AAD Correlation ID for this token request: Unknown
[2025-05-27 17:20:12Z INFO ConfigurationStore] HasCredentials()
[2025-05-27 17:20:12Z INFO ConfigurationStore] stored True
[2025-05-27 17:20:12Z INFO CredentialManager] GetCredentialProvider
[2025-05-27 17:20:12Z INFO CredentialManager] Creating type OAuth
[2025-05-27 17:20:12Z INFO CredentialManager] Creating credential type: OAuth
[2025-05-27 17:20:12Z INFO RSAEncryptedFileKeyManager] Loading RSA key parameters from file C:\Users\Magdalena\Desktop\Desktop\master\AC\Project\cloud-app\actions-runner\.credentials_rsaparams
[2025-05-27 17:21:02Z INFO ConfigurationStore] HasCredentials()
[2025-05-27 17:21:02Z INFO ConfigurationStore] stored True
[2025-05-27 17:21:02Z INFO CredentialManager] GetCredentialProvider
[2025-05-27 17:21:02Z INFO CredentialManager] Creating type OAuth
[2025-05-27 17:21:02Z INFO CredentialManager] Creating credential type: OAuth
[2025-05-27 17:21:02Z INFO RSAEncryptedFileKeyManager] Loading RSA key parameters from file C:\Users\Magdalena\Desktop\Desktop\master\AC\Project\cloud-app\actions-runner\.credentials_rsaparams
[2025-05-27 17:21:53Z INFO ConfigurationStore] HasCredentials()
[2025-05-27 17:21:53Z INFO ConfigurationStore] stored True
[2025-05-27 17:21:53Z INFO CredentialManager] GetCredentialProvider
[2025-05-27 17:21:53Z INFO CredentialManager] Creating type OAuth
[2025-05-27 17:21:53Z INFO CredentialManager] Creating credential type: OAuth
[2025-05-27 17:21:53Z INFO RSAEncryptedFileKeyManager] Loading RSA key parameters from file C:\Users\Magdalena\Desktop\Desktop\master\AC\Project\cloud-app\actions-runner\.credentials_rsaparams
